Using pre-set license
Built from '2021.3/staging' branch; Version is '2021.3.4f1 (cb45f9cae8b7) revision 13321721'; Using compiler version '192829333'; Build Type 'Release'
OS: 'Windows 10  (10.0.17763) 64bit EnterpriseS' Language: 'ru' Physical Memory: 8044 MB
BatchMode: 1, IsHumanControllingUs: 0, StartBugReporterOnCrash: 0, Is64bit: 1, IsPro: 1

COMMAND LINE ARGUMENTS:
C:\Unity\2020.3.33f1\2021.3.4f1\Editor\Unity.exe
-adb2
-batchMode
-noUpm
-name
AssetImportWorker0
-projectPath
D:/Unity Ucheba, Game 3d/MurderFinal2D
-logFile
Logs/AssetImportWorker0.log
-srvPort
54964
Successfully changed project path to: D:/Unity Ucheba, Game 3d/MurderFinal2D
D:/Unity Ucheba, Game 3d/MurderFinal2D
[UnityMemory] Configuration Parameters - Can be set up in boot.config
    "memorysetup-bucket-allocator-granularity=16"
    "memorysetup-bucket-allocator-bucket-count=8"
    "memorysetup-bucket-allocator-block-size=33554432"
    "memorysetup-bucket-allocator-block-count=8"
    "memorysetup-main-allocator-block-size=16777216"
    "memorysetup-thread-allocator-block-size=16777216"
    "memorysetup-gfx-main-allocator-block-size=16777216"
    "memorysetup-gfx-thread-allocator-block-size=16777216"
    "memorysetup-cache-allocator-block-size=4194304"
    "memorysetup-typetree-allocator-block-size=2097152"
    "memorysetup-profiler-bucket-allocator-granularity=16"
    "memorysetup-profiler-bucket-allocator-bucket-count=8"
    "memorysetup-profiler-bucket-allocator-block-size=33554432"
    "memorysetup-profiler-bucket-allocator-block-count=8"
    "memorysetup-profiler-allocator-block-size=16777216"
    "memorysetup-profiler-editor-allocator-block-size=1048576"
    "memorysetup-temp-allocator-size-main=16777216"
    "memorysetup-job-temp-allocator-block-size=2097152"
    "memorysetup-job-temp-allocator-block-size-background=1048576"
    "memorysetup-job-temp-allocator-reduction-small-platforms=262144"
    "memorysetup-temp-allocator-size-background-worker=32768"
    "memorysetup-temp-allocator-size-job-worker=262144"
    "memorysetup-temp-allocator-size-preload-manager=33554432"
    "memorysetup-temp-allocator-size-nav-mesh-worker=65536"
    "memorysetup-temp-allocator-size-audio-worker=65536"
    "memorysetup-temp-allocator-size-cloud-worker=32768"
    "memorysetup-temp-allocator-size-gi-baking-worker=262144"
    "memorysetup-temp-allocator-size-gfx=262144"
Refreshing native plugins compatible for Editor in 156.51 ms, found 4 plugins.
Preloading 0 native plugins for Editor in 0.00 ms.
Initialize engine version: 2021.3.4f1 (cb45f9cae8b7)
[Subsystems] Discovering subsystems at path C:/Unity/2020.3.33f1/2021.3.4f1/Editor/Data/Resources/UnitySubsystems
[Subsystems] Discovering subsystems at path D:/Unity Ucheba, Game 3d/MurderFinal2D/Assets
GfxDevice: creating device client; threaded=0; jobified=0
Direct3D:
    Version:  Direct3D 11.0 [level 11.1]
    Renderer: NVIDIA GeForce MX250 (ID=0x1d13)
    Vendor:   NVIDIA
    VRAM:     1983 MB
    Driver:   30.0.15.1215
Initialize mono
Mono path[0] = 'C:/Unity/2020.3.33f1/2021.3.4f1/Editor/Data/Managed'
Mono path[1] = 'C:/Unity/2020.3.33f1/2021.3.4f1/Editor/Data/MonoBleedingEdge/lib/mono/unityjit-win32'
Mono config path = 'C:/Unity/2020.3.33f1/2021.3.4f1/Editor/Data/MonoBleedingEdge/etc'
Using monoOptions --debugger-agent=transport=dt_socket,embedding=1,server=y,suspend=n,address=127.0.0.1:56296
Begin MonoManager ReloadAssembly
Registering precompiled unity dll's ...
Register platform support module: C:/Unity/2020.3.33f1/2021.3.4f1/Editor/Data/PlaybackEngines/AndroidPlayer/UnityEditor.Android.Extensions.dll
Register platform support module: C:/Unity/2020.3.33f1/2021.3.4f1/Editor/Data/PlaybackEngines/WindowsStandaloneSupport/UnityEditor.WindowsStandalone.Extensions.dll
Registered in 0.002919 seconds.
Native extension for WindowsStandalone target not found
Native extension for Android target not found
Refreshing native plugins compatible for Editor in 170.54 ms, found 4 plugins.
Preloading 0 native plugins for Editor in 0.00 ms.
Mono: successfully reloaded assembly
- Completed reload, in  0.905 seconds
Domain Reload Profiling:
	ReloadAssembly (906ms)
		BeginReloadAssembly (91ms)
			ExecutionOrderSort (0ms)
			DisableScriptedObjects (0ms)
			BackupInstance (0ms)
			ReleaseScriptingObjects (0ms)
			CreateAndSetChildDomain (1ms)
		EndReloadAssembly (682ms)
			LoadAssemblies (90ms)
			RebuildTransferFunctionScriptingTraits (0ms)
			SetupTypeCache (127ms)
			ReleaseScriptCaches (0ms)
			RebuildScriptCaches (33ms)
			SetupLoadedEditorAssemblies (463ms)
				LogAssemblyErrors (0ms)
				InitializePlatformSupportModulesInManaged (61ms)
				SetLoadedEditorAssemblies (0ms)
				RefreshPlugins (171ms)
				BeforeProcessingInitializeOnLoad (1ms)
				ProcessInitializeOnLoadAttributes (152ms)
				ProcessInitializeOnLoadMethodAttributes (78ms)
				AfterProcessingInitializeOnLoad (0ms)
				EditorAssembliesLoaded (0ms)
			ExecutionOrderSort2 (0ms)
			AwakeInstancesAfterBackupRestoration (0ms)
Platform modules already initialized, skipping
Registering precompiled user dll's ...
Registered in 0.005260 seconds.
Begin MonoManager ReloadAssembly
Symbol file LoadedFromMemory doesn't match image D:\Unity Ucheba, Game 3d\MurderFinal2D\Library\PackageCache\com.unity.visualscripting@1.7.8\Editor\VisualScripting.Core\Dependencies\YamlDotNet\Unity.VisualScripting.YamlDotNet.dll
Symbol file LoadedFromMemory doesn't match image D:\Unity Ucheba, Game 3d\MurderFinal2D\Library\PackageCache\com.unity.visualscripting@1.7.8\Editor\VisualScripting.Core\Dependencies\DotNetZip\Unity.VisualScripting.IonicZip.dll
Native extension for WindowsStandalone target not found
Native extension for Android target not found
Refreshing native plugins compatible for Editor in 145.90 ms, found 4 plugins.
Preloading 0 native plugins for Editor in 0.00 ms.
Mono: successfully reloaded assembly
- Completed reload, in  1.519 seconds
Domain Reload Profiling:
	ReloadAssembly (1520ms)
		BeginReloadAssembly (229ms)
			ExecutionOrderSort (0ms)
			DisableScriptedObjects (7ms)
			BackupInstance (0ms)
			ReleaseScriptingObjects (0ms)
			CreateAndSetChildDomain (123ms)
		EndReloadAssembly (1157ms)
			LoadAssemblies (97ms)
			RebuildTransferFunctionScriptingTraits (0ms)
			SetupTypeCache (306ms)
			ReleaseScriptCaches (1ms)
			RebuildScriptCaches (70ms)
			SetupLoadedEditorAssemblies (629ms)
				LogAssemblyErrors (0ms)
				InitializePlatformSupportModulesInManaged (13ms)
				SetLoadedEditorAssemblies (0ms)
				RefreshPlugins (146ms)
				BeforeProcessingInitializeOnLoad (136ms)
				ProcessInitializeOnLoadAttributes (276ms)
				ProcessInitializeOnLoadMethodAttributes (54ms)
				AfterProcessingInitializeOnLoad (3ms)
				EditorAssembliesLoaded (0ms)
			ExecutionOrderSort2 (0ms)
			AwakeInstancesAfterBackupRestoration (5ms)
Platform modules already initialized, skipping
========================================================================
Worker process is ready to serve import requests
Launched and connected shader compiler UnityShaderCompiler.exe after 0.05 seconds
Refreshing native plugins compatible for Editor in 1.64 ms, found 4 plugins.
Preloading 0 native plugins for Editor in 0.00 ms.
Unloading 4185 Unused Serialized files (Serialized files now loaded: 0)
Unloading 42 unused Assets / (158.2 KB). Loaded Objects now: 4648.
Memory consumption went from 158.3 MB to 158.1 MB.
Total: 4.028600 ms (FindLiveObjects: 0.344800 ms CreateObjectMapping: 0.326800 ms MarkObjects: 3.206000 ms  DeleteObjects: 0.149800 ms)

AssetImportParameters requested are different than current active one (requested -> active):
  custom:video-decoder-ogg-theora: a1e56fd34408186e4bbccfd4996cb3dc -> 
  custom:container-muxer-webm: aa71ff27fc2769a1b78a27578f13a17b -> 
  custom:container-demuxer-webm: 4f35f7cbe854078d1ac9338744f61a02 -> 
  custom:video-encoder-webm-vp8: eb34c28f22e8b96e1ab97ce403110664 -> 
  custom:audio-encoder-webm-vorbis: bf7c407c2cedff20999df2af8eb42d56 -> 
  custom:framework-win-MediaFoundation: 216162199b28c13a410421893ffa2e32 -> 
  custom:container-demuxer-ogg: 62fdf1f143b41e24485cea50d1cbac27 -> 
  custom:video-decoder-webm-vp8: 9c59270c3fd7afecdb556c50c9e8de78 -> 
  custom:audio-decoder-ogg-vorbis: bf7c407c2cedff20999df2af8eb42d56 -> 
========================================================================
Received Import Request.
  Time since last request: 164869.396895 seconds.
  path: Assets/Script/PLayer/Player.cs
  artifactKey: Guid(e18b1e782dcf5894693e8cbd0bc34fc8) Importer(815301076,1909f56bfc062723c751e8b465ee728b)
Start importing Assets/Script/PLayer/Player.cs using Guid(e18b1e782dcf5894693e8cbd0bc34fc8) Importer(815301076,1909f56bfc062723c751e8b465ee728b)  -> (artifact id: 'c373bd03356420dab8870c394d10110e') in 0.080261 seconds 
========================================================================
Received Import Request.
  Time since last request: 7.917854 seconds.
  path: Assets/Script/PLayer/PlayerAttack.cs
  artifactKey: Guid(1e4aa3d69ad42414e9a71df84df535ff) Importer(815301076,1909f56bfc062723c751e8b465ee728b)
Start importing Assets/Script/PLayer/PlayerAttack.cs using Guid(1e4aa3d69ad42414e9a71df84df535ff) Importer(815301076,1909f56bfc062723c751e8b465ee728b)  -> (artifact id: '91bbd5cf9c4ba582c6e6f4627883d4d2') in 0.001435 seconds 
========================================================================
Received Import Request.
  Time since last request: 0.380013 seconds.
  path: Assets/Script/PLayer/PlayerDetect.cs
  artifactKey: Guid(d84ce60d098299d448a632bca3e503d1) Importer(815301076,1909f56bfc062723c751e8b465ee728b)
Start importing Assets/Script/PLayer/PlayerDetect.cs using Guid(d84ce60d098299d448a632bca3e503d1) Importer(815301076,1909f56bfc062723c751e8b465ee728b)  -> (artifact id: '3b863df43d0bb3fcb415c96a0f3bb8fb') in 0.008786 seconds 
========================================================================
Received Import Request.
  Time since last request: 0.411071 seconds.
  path: Assets/Script/PLayer/PlayerPortal.cs
  artifactKey: Guid(f93b168991171bd4fbbc26ddf4c25527) Importer(815301076,1909f56bfc062723c751e8b465ee728b)
Start importing Assets/Script/PLayer/PlayerPortal.cs using Guid(f93b168991171bd4fbbc26ddf4c25527) Importer(815301076,1909f56bfc062723c751e8b465ee728b)  -> (artifact id: 'b5ac41dab84785746886879ba6d23253') in 0.004144 seconds 
========================================================================
Received Import Request.
  Time since last request: 0.725489 seconds.
  path: Assets/Script/PLayer/PlayerAnimationController.cs
  artifactKey: Guid(770939c56f4e73143b4abad240c7a119) Importer(815301076,1909f56bfc062723c751e8b465ee728b)
Start importing Assets/Script/PLayer/PlayerAnimationController.cs using Guid(770939c56f4e73143b4abad240c7a119) Importer(815301076,1909f56bfc062723c751e8b465ee728b)  -> (artifact id: '60ba8b474c14f5e52aef03a9fa7c5c0a') in 0.001336 seconds 
========================================================================
Received Import Request.
  Time since last request: 1.070667 seconds.
  path: Assets/Script/PLayer/MovePlayer.cs
  artifactKey: Guid(97f157512be2eb94b8381043993b088d) Importer(815301076,1909f56bfc062723c751e8b465ee728b)
Start importing Assets/Script/PLayer/MovePlayer.cs using Guid(97f157512be2eb94b8381043993b088d) Importer(815301076,1909f56bfc062723c751e8b465ee728b)  -> (artifact id: '13d8187194a6c89919eb26815f9856d6') in 0.014887 seconds 
========================================================================
Received Import Request.
  Time since last request: 1.670287 seconds.
  path: Assets/Script/PLayer/Camera.cs
  artifactKey: Guid(c1680c6daad4789479181ac6556a09db) Importer(815301076,1909f56bfc062723c751e8b465ee728b)
Start importing Assets/Script/PLayer/Camera.cs using Guid(c1680c6daad4789479181ac6556a09db) Importer(815301076,1909f56bfc062723c751e8b465ee728b)  -> (artifact id: 'f223e6684b7a1ae145b27fe0096efddc') in 0.011148 seconds 
========================================================================
Received Import Request.
  Time since last request: 14.359125 seconds.
  path: Assets/Script/Portal.cs
  artifactKey: Guid(610d9aa9e7bc2f044898e13d4ea9d37e) Importer(815301076,1909f56bfc062723c751e8b465ee728b)
Start importing Assets/Script/Portal.cs using Guid(610d9aa9e7bc2f044898e13d4ea9d37e) Importer(815301076,1909f56bfc062723c751e8b465ee728b)  -> (artifact id: '984d73cff4894f72b2ff02b3646e6ffd') in 0.009376 seconds 
========================================================================
Received Import Request.
  Time since last request: 1.003889 seconds.
  path: Assets/Script/Older.cs
  artifactKey: Guid(cb0d458c18d045447bedc223d1432df6) Importer(815301076,1909f56bfc062723c751e8b465ee728b)
Start importing Assets/Script/Older.cs using Guid(cb0d458c18d045447bedc223d1432df6) Importer(815301076,1909f56bfc062723c751e8b465ee728b)  -> (artifact id: 'fff6f0414b1d2e5b72791f9c5b3e7169') in 0.003221 seconds 
